<?xml version="1.0" encoding="UTF-8"?>
<!-- Generated by org.testng.reporters.JUnitReportReporter -->
<testsuite hostname="L1000120284" failures="0" tests="1" name="aaa.bbb.FinalProject.tests.TestExample" time="8.066" errors="0" timestamp="2021-04-27T13:16:02 IDT" skipped="0">
  <testcase classname="aaa.bbb.FinalProject.tests.TestExample" name="f" time="8.066"/>
  <system-out/>
</testsuite> <!-- aaa.bbb.FinalProject.tests.TestExample -->
