<?xml version="1.0" encoding="UTF-8"?>
<!-- Generated by org.testng.reporters.JUnitReportReporter -->
<testsuite hostname="L1000120284" failures="0" tests="1" name="aaa.bbb.FinalProject.tests.TestTable" time="26.133" errors="0" timestamp="2021-06-02T14:53:17 IDT" skipped="0">
  <testcase classname="aaa.bbb.FinalProject.tests.TestTable" name="f" time="26.133"/>
  <system-out/>
</testsuite> <!-- aaa.bbb.FinalProject.tests.TestTable -->
