<?xml version="1.0" encoding="UTF-8"?>
<!-- Generated by org.testng.reporters.JUnitReportReporter -->
<testsuite hostname="L1000120284" failures="0" tests="2" name="aaa.bbb.FinalProject.tests.Initializing" time="0.013" errors="0" timestamp="2021-04-27T16:10:39 IDT" skipped="0">
  <testcase classname="aaa.bbb.FinalProject.tests.Initializing" name="f" time="0.010"/>
  <system-out/>
  <testcase classname="aaa.bbb.FinalProject.tests.Initializing" name="f" time="0.003"/>
  <system-out/>
</testsuite> <!-- aaa.bbb.FinalProject.tests.Initializing -->
