<?xml version="1.0" encoding="UTF-8"?>
<!-- Generated by org.testng.reporters.JUnitReportReporter -->
<testsuite hostname="L1000120284" failures="0" tests="1" name="aaa.bbb.FinalProject.tests.TestCase2" time="4.269" errors="0" timestamp="2021-05-02T14:23:48 IDT" skipped="0">
  <testcase classname="aaa.bbb.FinalProject.tests.TestCase2" name="f" time="4.269"/>
  <system-out/>
</testsuite> <!-- aaa.bbb.FinalProject.tests.TestCase2 -->
