<?xml version="1.0" encoding="UTF-8"?>
<!-- Generated by org.testng.reporters.JUnitReportReporter -->
<testsuite hostname="L1000120284" failures="0" tests="1" name="aaa.bbb.FinalProject.tests.TestDemoPage" time="7.889" errors="0" timestamp="2021-06-02T14:53:17 IDT" skipped="0">
  <testcase classname="aaa.bbb.FinalProject.tests.TestDemoPage" name="f" time="7.889"/>
  <system-out/>
</testsuite> <!-- aaa.bbb.FinalProject.tests.TestDemoPage -->
