<?xml version="1.0" encoding="UTF-8"?>
<!-- Generated by org.testng.reporters.JUnitReportReporter -->
<testsuite hostname="L1000120284" failures="0" tests="1" name="aaa.bbb.FinalProject.tests.TestCase2" time="7.995" errors="0" timestamp="2021-04-27T18:43:06 IDT" skipped="0">
  <testcase classname="aaa.bbb.FinalProject.tests.TestCase2" name="f" time="7.995"/>
  <system-out/>
</testsuite> <!-- aaa.bbb.FinalProject.tests.TestCase2 -->
